2018/02/18 12:30:46 [error] [exception.CHttpException.400] CHttpException: Your request is invalid. in /usr/local/var/www/autocrat_test/framework/web/CController.php:337
Stack trace:
#0 /usr/local/var/www/autocrat_test/framework/web/CController.php(309): CController->invalidActionParams(Object(CInlineAction))
#1 /usr/local/var/www/autocrat_test/framework/web/filters/CFilterChain.php(134): CController->runAction(Object(CInlineAction))
#2 /usr/local/var/www/autocrat_test/framework/web/filters/CFilter.php(40): CFilterChain->run()
#3 /usr/local/var/www/autocrat_test/framework/web/CController.php(1148): CFilter->filter(Object(CFilterChain))
#4 /usr/local/var/www/autocrat_test/framework/web/filters/CInlineFilter.php(58): CController->filterAccessControl(Object(CFilterChain))
#5 /usr/local/var/www/autocrat_test/framework/web/filters/CFilterChain.php(131): CInlineFilter->filter(Object(CFilterChain))
#6 /usr/local/var/www/autocrat_test/framework/web/CController.php(291): CFilterChain->run()
#7 /usr/local/var/www/autocrat_test/framework/web/CController.php(265): CController->runActionWithFilters(Object(CInlineAction), Array)
#8 /usr/local/var/www/autocrat_test/framework/web/CWebApplication.php(282): CController->run('authors')
#9 /usr/local/var/www/autocrat_test/framework/web/CWebApplication.php(141): CWebApplication->runController('report/authors')
#10 /usr/local/var/www/autocrat_test/framework/base/CApplication.php(185): CWebApplication->processRequest()
#11 /usr/local/var/www/autocrat_test/bookshop/index.php(13): CApplication->run()
#12 {main}
REQUEST_URI=/index.php?r=report/authors
HTTP_REFERER=http://127.0.0.1:8085/index.php
---
2018/02/18 12:32:03 [error] [exception.CHttpException.400] CHttpException: Your request is invalid. in /usr/local/var/www/autocrat_test/framework/web/CController.php:337
Stack trace:
#0 /usr/local/var/www/autocrat_test/framework/web/CController.php(309): CController->invalidActionParams(Object(CInlineAction))
#1 /usr/local/var/www/autocrat_test/framework/web/CController.php(286): CController->runAction(Object(CInlineAction))
#2 /usr/local/var/www/autocrat_test/framework/web/CController.php(265): CController->runActionWithFilters(Object(CInlineAction), Array)
#3 /usr/local/var/www/autocrat_test/framework/web/CWebApplication.php(282): CController->run('ReportTopAuthor...')
#4 /usr/local/var/www/autocrat_test/framework/web/CWebApplication.php(141): CWebApplication->runController('site/ReportTopA...')
#5 /usr/local/var/www/autocrat_test/framework/base/CApplication.php(185): CWebApplication->processRequest()
#6 /usr/local/var/www/autocrat_test/bookshop/index.php(13): CApplication->run()
#7 {main}
REQUEST_URI=/index.php?r=site/ReportTopAuthors
HTTP_REFERER=http://127.0.0.1:8085/index.php
---
2018/02/18 12:32:27 [error] [exception.CHttpException.400] CHttpException: Your request is invalid. in /usr/local/var/www/autocrat_test/framework/web/CController.php:337
Stack trace:
#0 /usr/local/var/www/autocrat_test/framework/web/CController.php(309): CController->invalidActionParams(Object(CInlineAction))
#1 /usr/local/var/www/autocrat_test/framework/web/CController.php(286): CController->runAction(Object(CInlineAction))
#2 /usr/local/var/www/autocrat_test/framework/web/CController.php(265): CController->runActionWithFilters(Object(CInlineAction), Array)
#3 /usr/local/var/www/autocrat_test/framework/web/CWebApplication.php(282): CController->run('reportTopAuthor...')
#4 /usr/local/var/www/autocrat_test/framework/web/CWebApplication.php(141): CWebApplication->runController('site/reportTopA...')
#5 /usr/local/var/www/autocrat_test/framework/base/CApplication.php(185): CWebApplication->processRequest()
#6 /usr/local/var/www/autocrat_test/bookshop/index.php(13): CApplication->run()
#7 {main}
REQUEST_URI=/index.php?r=site/reportTopAuthors
---
2018/02/18 12:33:00 [error] [exception.CHttpException.404] CHttpException: The system is unable to find the requested action "ReportTopAuthors". in /usr/local/var/www/autocrat_test/framework/web/CController.php:486
Stack trace:
#0 /usr/local/var/www/autocrat_test/framework/web/CController.php(270): CController->missingAction('ReportTopAuthor...')
#1 /usr/local/var/www/autocrat_test/framework/web/CWebApplication.php(282): CController->run('ReportTopAuthor...')
#2 /usr/local/var/www/autocrat_test/framework/web/CWebApplication.php(141): CWebApplication->runController('site/ReportTopA...')
#3 /usr/local/var/www/autocrat_test/framework/base/CApplication.php(185): CWebApplication->processRequest()
#4 /usr/local/var/www/autocrat_test/bookshop/index.php(13): CApplication->run()
#5 {main}
REQUEST_URI=/index.php?r=site/ReportTopAuthors
HTTP_REFERER=http://127.0.0.1:8085/index.php?r=site/report
---
2018/02/18 12:33:14 [error] [exception.CHttpException.404] CHttpException: The system is unable to find the requested action "ReportTopAuthors". in /usr/local/var/www/autocrat_test/framework/web/CController.php:486
Stack trace:
#0 /usr/local/var/www/autocrat_test/framework/web/CController.php(270): CController->missingAction('ReportTopAuthor...')
#1 /usr/local/var/www/autocrat_test/framework/web/CWebApplication.php(282): CController->run('ReportTopAuthor...')
#2 /usr/local/var/www/autocrat_test/framework/web/CWebApplication.php(141): CWebApplication->runController('site/ReportTopA...')
#3 /usr/local/var/www/autocrat_test/framework/base/CApplication.php(185): CWebApplication->processRequest()
#4 /usr/local/var/www/autocrat_test/bookshop/index.php(13): CApplication->run()
#5 {main}
REQUEST_URI=/index.php?r=site/ReportTopAuthors
HTTP_REFERER=http://127.0.0.1:8085/index.php?r=site/report
---
2018/02/18 12:49:59 [error] [exception.Error] Error: Cannot access protected property TopAuthorsReport::$year in /usr/local/var/www/autocrat_test/bookshop/protected/views/site/top10_report.php:18
Stack trace:
#0 /usr/local/var/www/autocrat_test/framework/web/CBaseController.php(126): require()
#1 /usr/local/var/www/autocrat_test/framework/web/CBaseController.php(95): CBaseController->renderInternal('/usr/local/var/...', Array, true)
#2 /usr/local/var/www/autocrat_test/framework/web/CController.php(872): CBaseController->renderFile('/usr/local/var/...', Array, true)
#3 /usr/local/var/www/autocrat_test/framework/web/CController.php(785): CController->renderPartial('top10_report', Array, true)
#4 /usr/local/var/www/autocrat_test/bookshop/protected/controllers/SiteController.php(88): CController->render('top10_report', Array)
#5 /usr/local/var/www/autocrat_test/framework/web/actions/CInlineAction.php(49): SiteController->actionReport()
#6 /usr/local/var/www/autocrat_test/framework/web/CController.php(308): CInlineAction->runWithParams(Array)
#7 /usr/local/var/www/autocrat_test/framework/web/CController.php(286): CController->runAction(Object(CInlineAction))
#8 /usr/local/var/www/autocrat_test/framework/web/CController.php(265): CController->runActionWithFilters(Object(CInlineAction), Array)
#9 /usr/local/var/www/autocrat_test/framework/web/CWebApplication.php(282): CController->run('report')
#10 /usr/local/var/www/autocrat_test/framework/web/CWebApplication.php(141): CWebApplication->runController('site/report')
#11 /usr/local/var/www/autocrat_test/framework/base/CApplication.php(185): CWebApplication->processRequest()
#12 /usr/local/var/www/autocrat_test/bookshop/index.php(13): CApplication->run()
#13 {main}
REQUEST_URI=/index.php?r=site/report
HTTP_REFERER=http://127.0.0.1:8085/index.php?r=book
---
2018/02/18 12:52:27 [error] [system.db.CDbCommand] Error in preparing SQL:             SELECT ba.*, count(ba.book_id) as book_cnt
            FROM book_author ba
            JOIN author a ON ba.author_id == a.id
            JOIN book b ON b.id = ba.book_id
            WHERE b.printed_at = {year}
            GROUP BY ba.author_id
            ORDER BY count(ba.book_id) DESC
            LIMIT 10
in /usr/local/var/www/autocrat_test/bookshop/protected/components/TopAuthorsReport.php (40)
in /usr/local/var/www/autocrat_test/bookshop/protected/views/site/top10_report.php (26)
in /usr/local/var/www/autocrat_test/bookshop/protected/controllers/SiteController.php (88)
2018/02/18 12:52:27 [error] [exception.CDbException] CDbException: CDbCommand failed to prepare the SQL statement: SQLSTATE[HY000]: General error: 1 unrecognized token: "{" in /usr/local/var/www/autocrat_test/framework/db/CDbCommand.php:218
Stack trace:
#0 /usr/local/var/www/autocrat_test/framework/db/CDbCommand.php(247): CDbCommand->prepare()
#1 /usr/local/var/www/autocrat_test/bookshop/protected/components/TopAuthorsReport.php(40): CDbCommand->bindParam(':year', '1988', 1)
#2 /usr/local/var/www/autocrat_test/bookshop/protected/views/site/top10_report.php(26): TopAuthorsReport->getAuthors()
#3 /usr/local/var/www/autocrat_test/framework/web/CBaseController.php(126): require('/usr/local/var/...')
#4 /usr/local/var/www/autocrat_test/framework/web/CBaseController.php(95): CBaseController->renderInternal('/usr/local/var/...', Array, true)
#5 /usr/local/var/www/autocrat_test/framework/web/CController.php(872): CBaseController->renderFile('/usr/local/var/...', Array, true)
#6 /usr/local/var/www/autocrat_test/framework/web/CController.php(785): CController->renderPartial('top10_report', Array, true)
#7 /usr/local/var/www/autocrat_test/bookshop/protected/controllers/SiteController.php(88): CController->render('top10_report', Array)
#8 /usr/local/var/www/autocrat_test/framework/web/actions/CInlineAction.php(49): SiteController->actionReport()
#9 /usr/local/var/www/autocrat_test/framework/web/CController.php(308): CInlineAction->runWithParams(Array)
#10 /usr/local/var/www/autocrat_test/framework/web/CController.php(286): CController->runAction(Object(CInlineAction))
#11 /usr/local/var/www/autocrat_test/framework/web/CController.php(265): CController->runActionWithFilters(Object(CInlineAction), Array)
#12 /usr/local/var/www/autocrat_test/framework/web/CWebApplication.php(282): CController->run('report')
#13 /usr/local/var/www/autocrat_test/framework/web/CWebApplication.php(141): CWebApplication->runController('site/report')
#14 /usr/local/var/www/autocrat_test/framework/base/CApplication.php(185): CWebApplication->processRequest()
#15 /usr/local/var/www/autocrat_test/bookshop/index.php(13): CApplication->run()
#16 {main}
REQUEST_URI=/index.php?r=site/report
HTTP_REFERER=http://127.0.0.1:8085/index.php?r=site/report
---
2018/02/18 13:02:52 [error] [exception.CHttpException.403] CHttpException: You are not authorized to perform this action. in /usr/local/var/www/autocrat_test/framework/web/auth/CAccessControlFilter.php:183
Stack trace:
#0 /usr/local/var/www/autocrat_test/framework/web/auth/CAccessControlFilter.php(145): CAccessControlFilter->accessDenied(Object(WebUser), 'You are not aut...')
#1 /usr/local/var/www/autocrat_test/framework/web/filters/CFilter.php(38): CAccessControlFilter->preFilter(Object(CFilterChain))
#2 /usr/local/var/www/autocrat_test/framework/web/CController.php(1148): CFilter->filter(Object(CFilterChain))
#3 /usr/local/var/www/autocrat_test/framework/web/filters/CInlineFilter.php(58): CController->filterAccessControl(Object(CFilterChain))
#4 /usr/local/var/www/autocrat_test/framework/web/filters/CFilterChain.php(131): CInlineFilter->filter(Object(CFilterChain))
#5 /usr/local/var/www/autocrat_test/framework/web/CController.php(291): CFilterChain->run()
#6 /usr/local/var/www/autocrat_test/framework/web/CController.php(265): CController->runActionWithFilters(Object(CInlineAction), Array)
#7 /usr/local/var/www/autocrat_test/framework/web/CWebApplication.php(282): CController->run('create')
#8 /usr/local/var/www/autocrat_test/framework/web/CWebApplication.php(141): CWebApplication->runController('book/create')
#9 /usr/local/var/www/autocrat_test/framework/base/CApplication.php(185): CWebApplication->processRequest()
#10 /usr/local/var/www/autocrat_test/bookshop/index.php(13): CApplication->run()
#11 {main}
REQUEST_URI=/index.php?r=book/create
HTTP_REFERER=http://127.0.0.1:8085/index.php?r=book
---
2018/02/18 13:03:18 [error] [exception.CHttpException.403] CHttpException: You are not authorized to perform this action. in /usr/local/var/www/autocrat_test/framework/web/auth/CAccessControlFilter.php:183
Stack trace:
#0 /usr/local/var/www/autocrat_test/framework/web/auth/CAccessControlFilter.php(145): CAccessControlFilter->accessDenied(Object(WebUser), 'You are not aut...')
#1 /usr/local/var/www/autocrat_test/framework/web/filters/CFilter.php(38): CAccessControlFilter->preFilter(Object(CFilterChain))
#2 /usr/local/var/www/autocrat_test/framework/web/CController.php(1148): CFilter->filter(Object(CFilterChain))
#3 /usr/local/var/www/autocrat_test/framework/web/filters/CInlineFilter.php(58): CController->filterAccessControl(Object(CFilterChain))
#4 /usr/local/var/www/autocrat_test/framework/web/filters/CFilterChain.php(131): CInlineFilter->filter(Object(CFilterChain))
#5 /usr/local/var/www/autocrat_test/framework/web/CController.php(291): CFilterChain->run()
#6 /usr/local/var/www/autocrat_test/framework/web/CController.php(265): CController->runActionWithFilters(Object(CInlineAction), Array)
#7 /usr/local/var/www/autocrat_test/framework/web/CWebApplication.php(282): CController->run('create')
#8 /usr/local/var/www/autocrat_test/framework/web/CWebApplication.php(141): CWebApplication->runController('book/create')
#9 /usr/local/var/www/autocrat_test/framework/base/CApplication.php(185): CWebApplication->processRequest()
#10 /usr/local/var/www/autocrat_test/bookshop/index.php(13): CApplication->run()
#11 {main}
REQUEST_URI=/index.php?r=book/create
HTTP_REFERER=http://127.0.0.1:8085/index.php?r=book
---
